<?xml version="1.0" encoding="UTF-8"?>
<testng-results ignored="0" total="1" passed="1" failed="0" skipped="0">
  <reporter-output>
  </reporter-output>
  <suite started-at="2024-06-07T13:35:46 IST" name="Default suite" finished-at="2024-06-07T13:35:46 IST" duration-ms="25">
    <groups>
    </groups>
    <test started-at="2024-06-07T13:35:46 IST" name="Default test" finished-at="2024-06-07T13:35:46 IST" duration-ms="25">
      <class name="restAPI.Ganesh">
        <test-method signature="testMethod()[pri:0, instance:restAPI.Ganesh@bef2d72]" started-at="2024-06-07T13:35:46 IST" name="testMethod" finished-at="2024-06-07T13:35:46 IST" duration-ms="4" status="PASS">
          <reporter-output>
          </reporter-output>
        </test-method> <!-- testMethod -->
      </class> <!-- restAPI.Ganesh -->
    </test> <!-- Default test -->
  </suite> <!-- Default suite -->
</testng-results>
