<?xml version="1.0" encoding="UTF-8"?>
<testng-results ignored="0" total="1" passed="1" failed="0" skipped="0">
  <reporter-output>
  </reporter-output>
  <suite started-at="2024-06-11T21:20:13 IST" name="Default suite" finished-at="2024-06-11T21:20:25 IST" duration-ms="11981">
    <groups>
    </groups>
    <test started-at="2024-06-11T21:20:13 IST" name="Default test" finished-at="2024-06-11T21:20:25 IST" duration-ms="11981">
      <class name="com.practice.com.demo_proj2.Properties">
        <test-method signature="testPsuedo()[pri:0, instance:com.practice.com.demo_proj2.Properties@7334aada]" started-at="2024-06-11T21:20:13 IST" name="testPsuedo" description="Prince Automation" finished-at="2024-06-11T21:20:25 IST" duration-ms="11961" status="PASS">
          <reporter-output>
          </reporter-output>
        </test-method> <!-- testPsuedo -->
      </class> <!-- com.practice.com.demo_proj2.Properties -->
    </test> <!-- Default test -->
  </suite> <!-- Default suite -->
</testng-results>
