<?xml version="1.0" encoding="UTF-8"?>
<testng-results ignored="0" total="1" passed="1" failed="0" skipped="0">
  <reporter-output>
  </reporter-output>
  <suite started-at="2024-07-01T12:51:47 IST" name="Default suite" finished-at="2024-07-01T12:51:51 IST" duration-ms="3831">
    <groups>
    </groups>
    <test started-at="2024-07-01T12:51:47 IST" name="Default test" finished-at="2024-07-01T12:51:51 IST" duration-ms="3831">
      <class name="Sdet_Session_39.ActionClick">
        <test-method signature="clickOnIcon()[pri:0, instance:Sdet_Session_39.ActionClick@7f552bd3]" started-at="2024-07-01T12:51:47 IST" name="clickOnIcon" finished-at="2024-07-01T12:51:51 IST" duration-ms="3800" status="PASS">
          <reporter-output>
          </reporter-output>
        </test-method> <!-- clickOnIcon -->
      </class> <!-- Sdet_Session_39.ActionClick -->
    </test> <!-- Default test -->
  </suite> <!-- Default suite -->
</testng-results>
