<?xml version="1.0" encoding="UTF-8"?>
<!-- Generated by org.testng.reporters.JUnitXMLReporter -->
<testsuite ignored="0" hostname="SHASHIKANTs-MacBook-Air.local" failures="0" tests="3" name="TestFirstPackage" time="12.626" errors="0" timestamp="2024-06-30T16:32:29 IST">
  <testcase classname="com.java.Test.NewTest" name="first" time="0.002"/>
  <testcase classname="com.java.Test.NewTest" name="second" time="0.0"/>
  <testcase classname="com.java.Test.Main" name="verifyTitle" time="11.382"/>
</testsuite> <!-- TestFirstPackage -->
