<?xml version="1.0" encoding="UTF-8"?>
<!-- Generated by org.testng.reporters.JUnitXMLReporter -->
<testsuite ignored="0" hostname="SHASHIKANTs-MacBook-Air.local" failures="0" tests="3" name="TestFirstPackage" time="3.222" errors="0" timestamp="2024-06-12T11:21:07 IST">
  <testcase classname="com.java.Test.NewTest" name="first" time="0.002"/>
  <testcase classname="com.java.Test.NewTest" name="second" time="0.0"/>
  <testcase classname="com.java.Test.Main" name="verifyTitle" time="1.31"/>
</testsuite> <!-- TestFirstPackage -->
