<?xml version="1.0" encoding="UTF-8"?>
<testng-results ignored="0" total="3" passed="3" failed="0" skipped="0">
  <reporter-output>
  </reporter-output>
  <suite started-at="2024-06-12T11:46:04 IST" name="Suite" finished-at="2024-06-12T11:46:07 IST" duration-ms="2594">
    <groups>
    </groups>
    <test started-at="2024-06-12T11:46:04 IST" name="TestFirstPackage" finished-at="2024-06-12T11:46:07 IST" duration-ms="2594">
      <class name="com.java.Test.NewTest">
        <test-method is-config="true" signature="beforeSuite()[pri:0, instance:com.java.Test.NewTest@64cd705f]" started-at="2024-06-12T11:46:04 IST" name="beforeSuite" finished-at="2024-06-12T11:46:04 IST" duration-ms="4" status="PASS">
          <reporter-output>
          </reporter-output>
        </test-method> <!-- beforeSuite -->
        <test-method is-config="true" signature="beforeTest()[pri:0, instance:com.java.Test.NewTest@64cd705f]" started-at="2024-06-12T11:46:04 IST" name="beforeTest" finished-at="2024-06-12T11:46:04 IST" duration-ms="0" status="PASS">
          <reporter-output>
          </reporter-output>
        </test-method> <!-- beforeTest -->
        <test-method is-config="true" signature="beforeClass()[pri:0, instance:com.java.Test.NewTest@64cd705f]" started-at="2024-06-12T11:46:04 IST" name="beforeClass" finished-at="2024-06-12T11:46:04 IST" duration-ms="0" status="PASS">
          <reporter-output>
          </reporter-output>
        </test-method> <!-- beforeClass -->
        <test-method signature="first()[pri:0, instance:com.java.Test.NewTest@64cd705f]" started-at="2024-06-12T11:46:04 IST" name="first" finished-at="2024-06-12T11:46:04 IST" duration-ms="1" status="PASS">
          <reporter-output>
          </reporter-output>
        </test-method> <!-- first -->
        <test-method is-config="true" signature="beforeMethod()[pri:0, instance:com.java.Test.NewTest@64cd705f]" started-at="2024-06-12T11:46:04 IST" name="beforeMethod" finished-at="2024-06-12T11:46:04 IST" duration-ms="0" status="PASS">
          <reporter-output>
          </reporter-output>
        </test-method> <!-- beforeMethod -->
        <test-method is-config="true" signature="afterMethod()[pri:0, instance:com.java.Test.NewTest@64cd705f]" started-at="2024-06-12T11:46:04 IST" name="afterMethod" finished-at="2024-06-12T11:46:04 IST" duration-ms="0" status="PASS">
          <reporter-output>
          </reporter-output>
        </test-method> <!-- afterMethod -->
        <test-method is-config="true" signature="beforeMethod()[pri:0, instance:com.java.Test.NewTest@64cd705f]" started-at="2024-06-12T11:46:04 IST" name="beforeMethod" finished-at="2024-06-12T11:46:04 IST" duration-ms="0" status="PASS">
          <reporter-output>
          </reporter-output>
        </test-method> <!-- beforeMethod -->
        <test-method signature="second()[pri:0, instance:com.java.Test.NewTest@64cd705f]" started-at="2024-06-12T11:46:04 IST" name="second" finished-at="2024-06-12T11:46:04 IST" duration-ms="0" status="PASS">
          <reporter-output>
          </reporter-output>
        </test-method> <!-- second -->
        <test-method is-config="true" signature="afterMethod()[pri:0, instance:com.java.Test.NewTest@64cd705f]" started-at="2024-06-12T11:46:04 IST" name="afterMethod" finished-at="2024-06-12T11:46:04 IST" duration-ms="0" status="PASS">
          <reporter-output>
          </reporter-output>
        </test-method> <!-- afterMethod -->
        <test-method is-config="true" signature="afterClass()[pri:0, instance:com.java.Test.NewTest@64cd705f]" started-at="2024-06-12T11:46:04 IST" name="afterClass" finished-at="2024-06-12T11:46:04 IST" duration-ms="0" status="PASS">
          <reporter-output>
          </reporter-output>
        </test-method> <!-- afterClass -->
        <test-method is-config="true" signature="afterTest()[pri:0, instance:com.java.Test.NewTest@64cd705f]" started-at="2024-06-12T11:46:07 IST" name="afterTest" finished-at="2024-06-12T11:46:07 IST" duration-ms="0" status="PASS">
          <reporter-output>
          </reporter-output>
        </test-method> <!-- afterTest -->
        <test-method is-config="true" signature="afterSuite()[pri:0, instance:com.java.Test.NewTest@64cd705f]" started-at="2024-06-12T11:46:07 IST" name="afterSuite" finished-at="2024-06-12T11:46:07 IST" duration-ms="0" status="PASS">
          <reporter-output>
          </reporter-output>
        </test-method> <!-- afterSuite -->
      </class> <!-- com.java.Test.NewTest -->
      <class name="com.java.Test.Main">
        <test-method is-config="true" signature="launchBrowser()[pri:0, instance:com.java.Test.Main@63355449]" started-at="2024-06-12T11:46:04 IST" name="launchBrowser" finished-at="2024-06-12T11:46:05 IST" duration-ms="1135" status="PASS">
          <reporter-output>
          </reporter-output>
        </test-method> <!-- launchBrowser -->
        <test-method signature="verifyTitle()[pri:0, instance:com.java.Test.Main@63355449]" started-at="2024-06-12T11:46:05 IST" name="verifyTitle" finished-at="2024-06-12T11:46:06 IST" duration-ms="1305" status="PASS">
          <reporter-output>
          </reporter-output>
        </test-method> <!-- verifyTitle -->
        <test-method is-config="true" signature="closeBrowser()[pri:0, instance:com.java.Test.Main@63355449]" started-at="2024-06-12T11:46:06 IST" name="closeBrowser" finished-at="2024-06-12T11:46:07 IST" duration-ms="137" status="PASS">
          <reporter-output>
          </reporter-output>
        </test-method> <!-- closeBrowser -->
      </class> <!-- com.java.Test.Main -->
    </test> <!-- TestFirstPackage -->
  </suite> <!-- Suite -->
</testng-results>
