<?xml version="1.0" encoding="UTF-8"?>
<testng-results ignored="0" total="1" passed="1" failed="0" skipped="0">
  <reporter-output>
  </reporter-output>
  <suite started-at="2024-06-22T21:04:28 IST" name="Default suite" finished-at="2024-06-22T21:04:29 IST" duration-ms="705">
    <groups>
    </groups>
    <test started-at="2024-06-22T21:04:28 IST" name="Default test" finished-at="2024-06-22T21:04:29 IST" duration-ms="705">
      <class name="apiTest.RestApiBasicFunction">
        <test-method signature="checkBasicDetails()[pri:0, instance:apiTest.RestApiBasicFunction@76908cc0]" started-at="2024-06-22T21:04:28 IST" name="checkBasicDetails" finished-at="2024-06-22T21:04:29 IST" duration-ms="689" status="PASS">
          <reporter-output>
          </reporter-output>
        </test-method> <!-- checkBasicDetails -->
      </class> <!-- apiTest.RestApiBasicFunction -->
    </test> <!-- Default test -->
  </suite> <!-- Default suite -->
</testng-results>
