<?xml version="1.0" encoding="UTF-8"?>
<testng-results ignored="0" total="1" passed="1" failed="0" skipped="0">
  <reporter-output>
  </reporter-output>
  <suite started-at="2024-06-10T18:14:59 IST" name="Default suite" finished-at="2024-06-10T18:15:01 IST" duration-ms="1951">
    <groups>
    </groups>
    <test started-at="2024-06-10T18:14:59 IST" name="Default test" finished-at="2024-06-10T18:15:01 IST" duration-ms="1951">
      <class name="pojo_Session15CodeStudio.SerilizationTest">
        <test-method signature="createJavaClassFromJson()[pri:0, instance:pojo_Session15CodeStudio.SerilizationTest@76908cc0]" started-at="2024-06-10T18:14:59 IST" name="createJavaClassFromJson" finished-at="2024-06-10T18:15:01 IST" duration-ms="1934" status="PASS">
          <reporter-output>
          </reporter-output>
        </test-method> <!-- createJavaClassFromJson -->
      </class> <!-- pojo_Session15CodeStudio.SerilizationTest -->
    </test> <!-- Default test -->
  </suite> <!-- Default suite -->
</testng-results>
